[INFO] 13:30:55:699 Discordiador/(31832:31853): Iniciando el armado de paquete..
[INFO] 13:32:00:037 Discordiador/(31832:31853): Enviando mensaje
[INFO] 13:34:19:421 Discordiador/(32058:32097): Iniciando el armado de paquete..
[INFO] 13:34:19:425 Discordiador/(32058:32097): Enviando mensaje
[INFO] 21:25:52:180 Discordiador/(881:894): Iniciando el armado de paquete..
[INFO] 21:25:52:198 Discordiador/(881:894): Enviando mensaje
[INFO] 21:12:20:161 Discordiador/(11569:11603): Iniciando el armado de paquete..
[INFO] 21:15:36:046 Discordiador/(11872:11885): Iniciando el armado de paquete..
[INFO] 21:21:59:849 Discordiador/(12071:12086): Iniciando el armado de paquete..
[INFO] 21:23:56:287 Discordiador/(12207:12222): Iniciando el armado de paquete..
[INFO] 21:24:16:408 Discordiador/(12207:12224): Iniciando el armado de paquete..
[INFO] 21:27:29:530 Discordiador/(12333:12347): Iniciando el armado de paquete..
[INFO] 17:50:11:388 Discordiador/(30399:30419): Iniciando el armado de paquete..
[INFO] 17:50:11:399 Discordiador/(30399:30419): Enviando mensaje
[INFO] 17:51:01:815 Discordiador/(30461:30473): Iniciando el armado de paquete..
[INFO] 17:51:01:818 Discordiador/(30461:30473): Enviando mensaje
[INFO] 17:52:24:443 Discordiador/(30579:30591): Iniciando el armado de paquete..
[INFO] 17:52:24:447 Discordiador/(30579:30591): Enviando mensaje
[INFO] 17:53:55:243 Discordiador/(30734:30746): Iniciando el armado de paquete..
[INFO] 17:53:55:244 Discordiador/(30734:30746): Enviando mensaje
[INFO] 17:55:50:394 Discordiador/(30802:30817): Iniciando el armado de paquete..
[INFO] 17:55:50:403 Discordiador/(30802:30817): Enviando mensaje
[INFO] 17:29:54:111 ServidorDiscordiador/(27682:27682): Servidor listo para recibir al cliente
[INFO] 17:37:59:002 ServidorDiscordiador/(27933:27933): Servidor listo para recibir al cliente
[INFO] 18:43:54:894 ServidorDiscordiador/(30420:30425): Esperando un cliente...
[INFO] 23:40:04:084 ServidorDiscordiador/(16098:16108): Esperando que se conecten para enviarme sabotajes
[INFO] 23:46:26:832 ServidorDiscordiador/(16401:16410): Esperando que se conecten para enviarme sabotajes
